<?xml version="1.0" encoding="utf-8"?><testsuites name="pytest tests"><testsuite name="pytest" errors="0" failures="0" skipped="0" tests="15" time="4.976" timestamp="2026-03-31T10:56:57.348652+00:00" hostname="agent-env-9dc53408-8e4e-43d5-be2f-25189a736dc3"><testcase classname="backend.tests.test_messaging_api.TestHealthAndAuth" name="test_health_check" time="0.191" /><testcase classname="backend.tests.test_messaging_api.TestHealthAndAuth" name="test_admin_login_success" time="0.325" /><testcase classname="backend.tests.test_messaging_api.TestHealthAndAuth" name="test_admin_login_invalid_credentials" time="0.130" /><testcase classname="backend.tests.test_messaging_api.TestMessagingStatus" name="test_messaging_status_returns_configured" time="0.425" /><testcase classname="backend.tests.test_messaging_api.TestCustomers" name="test_get_customers_list" time="0.098" /><testcase classname="backend.tests.test_messaging_api.TestMessagingSendReminder" name="test_send_reminder_to_customer" time="0.860" /><testcase classname="backend.tests.test_messaging_api.TestMessagingSendReminder" name="test_send_reminder_invalid_customer" time="0.112" /><testcase classname="backend.tests.test_messaging_api.TestMessagingSendVoucher" name="test_send_voucher_to_customer" time="0.782" /><testcase classname="backend.tests.test_messaging_api.TestMessagingBulkReminders" name="test_send_bulk_reminders" time="1.299" /><testcase classname="backend.tests.test_messaging_api.TestMessagingLogs" name="test_get_message_logs" time="0.105" /><testcase classname="backend.tests.test_messaging_api.TestProRataCalculator" name="test_prorata_calculation_3_devices" time="0.108" /><testcase classname="backend.tests.test_messaging_api.TestProRataCalculator" name="test_prorata_calculation_4_devices" time="0.110" /><testcase classname="backend.tests.test_messaging_api.TestRefundCalculator" name="test_refund_calculation_1_week" time="0.112" /><testcase classname="backend.tests.test_messaging_api.TestRefundCalculator" name="test_refund_calculation_4_weeks" time="0.107" /><testcase classname="backend.tests.test_messaging_api.TestDashboardStats" name="test_get_dashboard_stats" time="0.108" /></testsuite></testsuites>