<?xml version="1.0" encoding="utf-8"?><testsuites name="pytest tests"><testsuite name="pytest" errors="0" failures="0" skipped="0" tests="12" time="4.362" timestamp="2026-04-01T00:17:05.411222+00:00" hostname="agent-env-d289c3a3-dbbd-4614-9e8b-12a2e146e50e"><testcase classname="backend.tests.test_bulksms_messaging.TestMessagingStatus" name="test_messaging_status_returns_bulksms_configured" time="0.700" /><testcase classname="backend.tests.test_bulksms_messaging.TestSendSMSReminder" name="test_send_reminder_to_customer" time="0.694" /><testcase classname="backend.tests.test_bulksms_messaging.TestSendSMSReminder" name="test_send_reminder_invalid_customer" time="0.139" /><testcase classname="backend.tests.test_bulksms_messaging.TestSendSMSVoucher" name="test_send_voucher_to_customer" time="0.489" /><testcase classname="backend.tests.test_bulksms_messaging.TestSendSMSVoucher" name="test_send_voucher_invalid_customer" time="0.129" /><testcase classname="backend.tests.test_bulksms_messaging.TestBulkSMSReminders" name="test_send_bulk_reminders" time="0.744" /><testcase classname="backend.tests.test_bulksms_messaging.TestMessageLogs" name="test_get_message_logs" time="0.123" /><testcase classname="backend.tests.test_bulksms_messaging.TestAdminLogin" name="test_admin_login_success" time="0.428" /><testcase classname="backend.tests.test_bulksms_messaging.TestAdminLogin" name="test_admin_login_invalid_credentials" time="0.366" /><testcase classname="backend.tests.test_bulksms_messaging.TestDashboard" name="test_dashboard_stats" time="0.238" /><testcase classname="backend.tests.test_bulksms_messaging.TestCustomerExists" name="test_test_customer_exists" time="0.104" /><testcase classname="backend.tests.test_bulksms_messaging.TestCustomerExists" name="test_john_doe_customer_exists" time="0.116" /></testsuite></testsuites>