<?xml version="1.0" encoding="utf-8"?><testsuites name="pytest tests"><testsuite name="pytest" errors="0" failures="0" skipped="0" tests="19" time="4.496" timestamp="2026-03-31T11:47:44.901724+00:00" hostname="agent-env-9dc53408-8e4e-43d5-be2f-25189a736dc3"><testcase classname="backend.tests.test_payfast_vouchers.TestHealthAndBasics" name="test_health_check" time="0.215" /><testcase classname="backend.tests.test_payfast_vouchers.TestHealthAndBasics" name="test_admin_login" time="0.356" /><testcase classname="backend.tests.test_payfast_vouchers.TestVoucherManagement" name="test_get_voucher_stats" time="0.424" /><testcase classname="backend.tests.test_payfast_vouchers.TestVoucherManagement" name="test_get_voucher_pool" time="0.143" /><testcase classname="backend.tests.test_payfast_vouchers.TestVoucherManagement" name="test_add_voucher_codes" time="0.446" /><testcase classname="backend.tests.test_payfast_vouchers.TestVoucherManagement" name="test_add_voucher_codes_4_devices" time="0.106" /><testcase classname="backend.tests.test_payfast_vouchers.TestVoucherManagement" name="test_delete_unassigned_voucher" time="0.425" /><testcase classname="backend.tests.test_payfast_vouchers.TestPaymentInitiation" name="test_initiate_payment_3_devices" time="0.214" /><testcase classname="backend.tests.test_payfast_vouchers.TestPaymentInitiation" name="test_initiate_payment_4_devices" time="0.203" /><testcase classname="backend.tests.test_payfast_vouchers.TestPaymentInitiation" name="test_initiate_payment_invalid_plan" time="0.108" /><testcase classname="backend.tests.test_payfast_vouchers.TestPaymentInitiation" name="test_initiate_payment_missing_fields" time="0.101" /><testcase classname="backend.tests.test_payfast_vouchers.TestPaymentVerification" name="test_verify_pending_payment" time="0.312" /><testcase classname="backend.tests.test_payfast_vouchers.TestPaymentVerification" name="test_verify_nonexistent_payment" time="0.111" /><testcase classname="backend.tests.test_payfast_vouchers.TestPayFastITNCallback" name="test_itn_callback_endpoint_exists" time="0.106" /><testcase classname="backend.tests.test_payfast_vouchers.TestPayFastITNCallback" name="test_itn_callback_with_invalid_signature" time="0.303" /><testcase classname="backend.tests.test_payfast_vouchers.TestAdminPayments" name="test_get_all_payments" time="0.096" /><testcase classname="backend.tests.test_payfast_vouchers.TestAdminPayments" name="test_get_payments_requires_auth" time="0.099" /><testcase classname="backend.tests.test_payfast_vouchers.TestExistingVouchers" name="test_existing_test_vouchers" time="0.100" /><testcase classname="backend.tests.test_payfast_vouchers.TestCleanup" name="test_cleanup_test_vouchers" time="0.519" /></testsuite></testsuites>