<?xml version="1.0" encoding="utf-8"?><testsuites name="pytest tests"><testsuite name="pytest" errors="0" failures="0" skipped="0" tests="19" time="7.614" timestamp="2026-03-31T17:22:04.563900+00:00" hostname="agent-env-9dc53408-8e4e-43d5-be2f-25189a736dc3"><testcase classname="backend.tests.test_portal.TestPortalAuth" name="test_portal_login_success" time="0.406" /><testcase classname="backend.tests.test_portal.TestPortalAuth" name="test_portal_login_invalid_credentials" time="0.111" /><testcase classname="backend.tests.test_portal.TestPortalAuth" name="test_portal_register_duplicate_phone" time="0.111" /><testcase classname="backend.tests.test_portal.TestPortalAuth" name="test_portal_register_new_user" time="0.334" /><testcase classname="backend.tests.test_portal.TestPortalProfile" name="test_portal_profile" time="0.446" /><testcase classname="backend.tests.test_portal.TestPortalProfile" name="test_portal_purchases" time="0.465" /><testcase classname="backend.tests.test_portal.TestPortalProfile" name="test_portal_points" time="0.462" /><testcase classname="backend.tests.test_portal.TestPortalProfile" name="test_portal_rewards" time="0.527" /><testcase classname="backend.tests.test_portal.TestPortalProfile" name="test_portal_referral" time="0.475" /><testcase classname="backend.tests.test_portal.TestPortalPayment" name="test_payment_initiate_valid_plan" time="0.469" /><testcase classname="backend.tests.test_portal.TestPortalPayment" name="test_payment_initiate_invalid_plan" time="0.462" /><testcase classname="backend.tests.test_portal.TestPortalRedemption" name="test_redeem_insufficient_points" time="0.463" /><testcase classname="backend.tests.test_portal.TestPortalRedemption" name="test_redeem_invalid_plan" time="0.520" /><testcase classname="backend.tests.test_portal.TestReferralSystem" name="test_referred_user_login" time="0.483" /><testcase classname="backend.tests.test_portal.TestReferralSystem" name="test_referrer_has_referral_count" time="0.530" /><testcase classname="backend.tests.test_portal.TestAdminVoucherCSVUpload" name="test_csv_upload_valid" time="0.457" /><testcase classname="backend.tests.test_portal.TestAdminVoucherCSVUpload" name="test_csv_upload_invalid_plan" time="0.598" /><testcase classname="backend.tests.test_portal.TestAdminVoucherCSVUpload" name="test_csv_upload_no_auth" time="0.099" /><testcase classname="backend.tests.test_portal.TestHealthCheck" name="test_api_health" time="0.136" /></testsuite></testsuites>